# JRE version: Java(TM) SE Runtime Environment (23.0+37) (build 23+37-2369)
# Java VM: Java HotSpot(TM) 64-Bit Server VM (23+37-2369, mixed mode, sharing, tiered, compressed oops, compressed class ptrs, g1 gc, windows-amd64)
GC Precious Log:
 CardTable entry size: 512
 Card Set container configuration: InlinePtr #cards 5 size 8 Array Of Cards #cards 10 size 36 Howl #buckets 4 coarsen threshold 1843 Howl Bitmap #cards 512 size 80 coarsen threshold 460 Card regions per heap region 1 cards per card region 2048
 CPUs: 12 total, 12 available
 Memory: 7863M
 Large Page Support: Disabled
 NUMA Support: Disabled
 Compressed Oops: Enabled (32-bit)
 Heap Region Size: 1M
 Heap Min Capacity: 8M
 Heap Initial Capacity: 124M
 Heap Max Capacity: 1966M
 Pre-touch: Disabled
 Parallel Workers: 10
 Concurrent Workers: 3
 Concurrent Refinement Workers: 10
 Periodic GC: Disabled
Heap:
 garbage-first heap   total reserved 2013184K, committed 276480K, used 169385K [0x0000000085200000, 0x0000000100000000)
  region size 1024K, 1 young (1024K), 1 survivors (1024K)
 Metaspace       used 7504K, committed 7744K, reserved 1114112K
  class space    used 921K, committed 1024K, reserved 1048576K
GC Heap History (20 events):
Event: 3.443 GC heap after
{Heap after GC invocations=15 (full 0):
 garbage-first heap   total reserved 2013184K, committed 165888K, used 97563K [0x0000000085200000, 0x0000000100000000)
  region size 1024K, 3 young (3072K), 3 survivors (3072K)
 Metaspace       used 7504K, committed 7744K, reserved 1114112K
  class space    used 921K, committed 1024K, reserved 1048576K
}
Event: 3.457 GC heap before
{Heap before GC invocations=16 (full 0):
 garbage-first heap   total reserved 2013184K, committed 174080K, used 102683K [0x0000000085200000, 0x0000000100000000)
  region size 1024K, 4 young (4096K), 3 survivors (3072K)
 Metaspace       used 7504K, committed 7744K, reserved 1114112K
  class space    used 921K, committed 1024K, reserved 1048576K
}
Event: 3.462 GC heap after
{Heap after GC invocations=17 (full 0):
 garbage-first heap   total reserved 2013184K, committed 174080K, used 102806K [0x0000000085200000, 0x0000000100000000)
  region size 1024K, 3 young (3072K), 3 survivors (3072K)
 Metaspace       used 7504K, committed 7744K, reserved 1114112K
  class space    used 921K, committed 1024K, reserved 1048576K
}
Event: 3.475 GC heap before
{Heap before GC invocations=18 (full 0):
 garbage-first heap   total reserved 2013184K, committed 191488K, used 113046K [0x0000000085200000, 0x0000000100000000)
  region size 1024K, 4 young (4096K), 3 survivors (3072K)
 Metaspace       used 7504K, committed 7744K, reserved 1114112K
  class space    used 921K, committed 1024K, reserved 1048576K
}
Event: 3.480 GC heap after
{Heap after GC invocations=19 (full 0):
 garbage-first heap   total reserved 2013184K, committed 191488K, used 112922K [0x0000000085200000, 0x0000000100000000)
  region size 1024K, 3 young (3072K), 3 survivors (3072K)
 Metaspace       used 7504K, committed 7744K, reserved 1114112K
  class space    used 921K, committed 1024K, reserved 1048576K
}
Event: 3.495 GC heap before
{Heap before GC invocations=20 (full 0):
 garbage-first heap   total reserved 2013184K, committed 199680K, used 123162K [0x0000000085200000, 0x0000000100000000)
  region size 1024K, 4 young (4096K), 3 survivors (3072K)
 Metaspace       used 7504K, committed 7744K, reserved 1114112K
  class space    used 921K, committed 1024K, reserved 1048576K
}
Event: 3.501 GC heap after
{Heap after GC invocations=21 (full 0):
 garbage-first heap   total reserved 2013184K, committed 199680K, used 123162K [0x0000000085200000, 0x0000000100000000)
  region size 1024K, 3 young (3072K), 3 survivors (3072K)
 Metaspace       used 7504K, committed 7744K, reserved 1114112K
  class space    used 921K, committed 1024K, reserved 1048576K
}
Event: 3.522 GC heap before
{Heap before GC invocations=22 (full 0):
 garbage-first heap   total reserved 2013184K, committed 217088K, used 133402K [0x0000000085200000, 0x0000000100000000)
  region size 1024K, 4 young (4096K), 3 survivors (3072K)
 Metaspace       used 7504K, committed 7744K, reserved 1114112K
  class space    used 921K, committed 1024K, reserved 1048576K
}
Event: 3.527 GC heap after
{Heap after GC invocations=23 (full 0):
 garbage-first heap   total reserved 2013184K, committed 217088K, used 133401K [0x0000000085200000, 0x0000000100000000)
  region size 1024K, 3 young (3072K), 3 survivors (3072K)
 Metaspace       used 7504K, committed 7744K, reserved 1114112K
  class space    used 921K, committed 1024K, reserved 1048576K
}
Event: 3.543 GC heap before
{Heap before GC invocations=24 (full 0):
 garbage-first heap   total reserved 2013184K, committed 234496K, used 138521K [0x0000000085200000, 0x0000000100000000)
  region size 1024K, 4 young (4096K), 3 survivors (3072K)
 Metaspace       used 7504K, committed 7744K, reserved 1114112K
  class space    used 921K, committed 1024K, reserved 1048576K
}
Event: 3.547 GC heap after
{Heap after GC invocations=25 (full 0):
 garbage-first heap   total reserved 2013184K, committed 234496K, used 138584K [0x0000000085200000, 0x0000000100000000)
  region size 1024K, 3 young (3072K), 3 survivors (3072K)
 Metaspace       used 7504K, committed 7744K, reserved 1114112K
  class space    used 921K, committed 1024K, reserved 1048576K
}
Event: 3.563 GC heap before
{Heap before GC invocations=26 (full 0):
 garbage-first heap   total reserved 2013184K, committed 242688K, used 143704K [0x0000000085200000, 0x0000000100000000)
  region size 1024K, 4 young (4096K), 3 survivors (3072K)
 Metaspace       used 7504K, committed 7744K, reserved 1114112K
  class space    used 921K, committed 1024K, reserved 1048576K
}
Event: 3.567 GC heap after
{Heap after GC invocations=27 (full 0):
 garbage-first heap   total reserved 2013184K, committed 242688K, used 143704K [0x0000000085200000, 0x0000000100000000)
  region size 1024K, 3 young (3072K), 3 survivors (3072K)
 Metaspace       used 7504K, committed 7744K, reserved 1114112K
  class space    used 921K, committed 1024K, reserved 1048576K
}
Event: 3.583 GC heap before
{Heap before GC invocations=28 (full 0):
 garbage-first heap   total reserved 2013184K, committed 250880K, used 148824K [0x0000000085200000, 0x0000000100000000)
  region size 1024K, 4 young (4096K), 3 survivors (3072K)
 Metaspace       used 7504K, committed 7744K, reserved 1114112K
  class space    used 921K, committed 1024K, reserved 1048576K
}
Event: 3.588 GC heap after
{Heap after GC invocations=29 (full 0):
 garbage-first heap   total reserved 2013184K, committed 250880K, used 148824K [0x0000000085200000, 0x0000000100000000)
  region size 1024K, 3 young (3072K), 3 survivors (3072K)
 Metaspace       used 7504K, committed 7744K, reserved 1114112K
  class space    used 921K, committed 1024K, reserved 1048576K
}
Event: 3.603 GC heap before
{Heap before GC invocations=30 (full 0):
 garbage-first heap   total reserved 2013184K, committed 260096K, used 153944K [0x0000000085200000, 0x0000000100000000)
  region size 1024K, 4 young (4096K), 3 survivors (3072K)
 Metaspace       used 7504K, committed 7744K, reserved 1114112K
  class space    used 921K, committed 1024K, reserved 1048576K
}
Event: 3.607 GC heap after
{Heap after GC invocations=31 (full 0):
 garbage-first heap   total reserved 2013184K, committed 260096K, used 153959K [0x0000000085200000, 0x0000000100000000)
  region size 1024K, 1 young (1024K), 1 survivors (1024K)
 Metaspace       used 7504K, committed 7744K, reserved 1114112K
  class space    used 921K, committed 1024K, reserved 1048576K
}
Event: 3.621 GC heap before
{Heap before GC invocations=32 (full 0):
 garbage-first heap   total reserved 2013184K, committed 268288K, used 159079K [0x0000000085200000, 0x0000000100000000)
  region size 1024K, 2 young (2048K), 1 survivors (1024K)
 Metaspace       used 7504K, committed 7744K, reserved 1114112K
  class space    used 921K, committed 1024K, reserved 1048576K
}
Event: 3.623 GC heap after
{Heap after GC invocations=33 (full 0):
 garbage-first heap   total reserved 2013184K, committed 268288K, used 159149K [0x0000000085200000, 0x0000000100000000)
  region size 1024K, 1 young (1024K), 1 survivors (1024K)
 Metaspace       used 7504K, committed 7744K, reserved 1114112K
  class space    used 921K, committed 1024K, reserved 1048576K
}
Event: 3.652 GC heap before
{Heap before GC invocations=34 (full 0):
 garbage-first heap   total reserved 2013184K, committed 276480K, used 169389K [0x0000000085200000, 0x0000000100000000)
  region size 1024K, 2 young (2048K), 1 survivors (1024K)
 Metaspace       used 7504K, committed 7744K, reserved 1114112K
  class space    used 921K, committed 1024K, reserved 1048576K
}

